[INFO] Scanning for projects...
[INFO] 
[INFO] ----------------------< com.Amdox:TaskManagement >----------------------
[INFO] Building TaskManagement 0.0.1-SNAPSHOT
[INFO]   from pom.xml
[INFO] --------------------------------[ jar ]---------------------------------
[INFO] 
[INFO] >>> spring-boot:3.5.7:run (default-cli) > test-compile @ TaskManagement >>>
[INFO] 
[INFO] --- resources:3.3.1:resources (default-resources) @ TaskManagement ---
[INFO] Copying 1 resource from src/main/resources to target/classes
[INFO] Copying 1 resource from src/main/resources to target/classes
[INFO] 
[INFO] --- compiler:3.14.1:compile (default-compile) @ TaskManagement ---
[INFO] Recompiling the module because of added or removed source files.
[INFO] Compiling 102 source files with javac [debug parameters release 17] to target/classes
[INFO] 
[INFO] --- resources:3.3.1:testResources (default-testResources) @ TaskManagement ---
[INFO] skip non existing resourceDirectory /Users/vedavyaasmr/IdeaProjects/TaskManagement/src/test/resources
[INFO] 
[INFO] --- compiler:3.14.1:testCompile (default-testCompile) @ TaskManagement ---
[INFO] Recompiling the module because of changed dependency.
[INFO] Compiling 1 source file with javac [debug parameters release 17] to target/test-classes
[INFO] 
[INFO] <<< spring-boot:3.5.7:run (default-cli) < test-compile @ TaskManagement <<<
[INFO] 
[INFO] 
[INFO] --- spring-boot:3.5.7:run (default-cli) @ TaskManagement ---
[INFO] Attaching agents: []

  .   ____          _            __ _ _
 /\\ / ___'_ __ _ _(_)_ __  __ _ \ \ \ \
( ( )\___ | '_ | '_| | '_ \/ _` | \ \ \ \
 \\/  ___)| |_)| | | | | || (_| |  ) ) ) )
  '  |____| .__|_| |_|_| |_\__, | / / / /
 =========|_|==============|___/=/_/_/_/

 :: Spring Boot ::                (v3.5.7)

2026-01-30T21:26:26.079+05:30  INFO 4398 --- [TaskManagement] [           main] c.a.t.TaskManagementApplication          : Starting TaskManagementApplication using Java 25.0.1 with PID 4398 (/Users/vedavyaasmr/IdeaProjects/TaskManagement/target/classes started by vedavyaasmr in /Users/vedavyaasmr/IdeaProjects/TaskManagement)
2026-01-30T21:26:26.080+05:30  INFO 4398 --- [TaskManagement] [           main] c.a.t.TaskManagementApplication          : No active profile set, falling back to 1 default profile: "default"
2026-01-30T21:26:26.278+05:30  INFO 4398 --- [TaskManagement] [           main] .s.d.r.c.RepositoryConfigurationDelegate : Bootstrapping Spring Data JPA repositories in DEFAULT mode.
2026-01-30T21:26:26.304+05:30  INFO 4398 --- [TaskManagement] [           main] .s.d.r.c.RepositoryConfigurationDelegate : Finished Spring Data repository scanning in 22 ms. Found 16 JPA repository interfaces.
2026-01-30T21:26:26.502+05:30  INFO 4398 --- [TaskManagement] [           main] o.s.b.w.embedded.tomcat.TomcatWebServer  : Tomcat initialized with port 8000 (http)
2026-01-30T21:26:26.507+05:30  INFO 4398 --- [TaskManagement] [           main] o.apache.catalina.core.StandardService   : Starting service [Tomcat]
2026-01-30T21:26:26.508+05:30  INFO 4398 --- [TaskManagement] [           main] o.apache.catalina.core.StandardEngine    : Starting Servlet engine: [Apache Tomcat/10.1.48]
2026-01-30T21:26:26.523+05:30  INFO 4398 --- [TaskManagement] [           main] o.a.c.c.C.[Tomcat].[localhost].[/]       : Initializing Spring embedded WebApplicationContext
2026-01-30T21:26:26.523+05:30  INFO 4398 --- [TaskManagement] [           main] w.s.c.ServletWebServerApplicationContext : Root WebApplicationContext: initialization completed in 427 ms
2026-01-30T21:26:26.585+05:30  INFO 4398 --- [TaskManagement] [           main] o.hibernate.jpa.internal.util.LogHelper  : HHH000204: Processing PersistenceUnitInfo [name: default]
2026-01-30T21:26:26.605+05:30  INFO 4398 --- [TaskManagement] [           main] org.hibernate.Version                    : HHH000412: Hibernate ORM core version 6.6.33.Final
2026-01-30T21:26:26.615+05:30  INFO 4398 --- [TaskManagement] [           main] o.h.c.internal.RegionFactoryInitiator    : HHH000026: Second-level cache disabled
2026-01-30T21:26:26.707+05:30  INFO 4398 --- [TaskManagement] [           main] o.s.o.j.p.SpringPersistenceUnitInfo      : No LoadTimeWeaver setup: ignoring JPA class transformer
2026-01-30T21:26:26.716+05:30  INFO 4398 --- [TaskManagement] [           main] com.zaxxer.hikari.HikariDataSource       : HikariPool-1 - Starting...
2026-01-30T21:26:26.765+05:30  INFO 4398 --- [TaskManagement] [           main] com.zaxxer.hikari.pool.HikariPool        : HikariPool-1 - Added connection conn0: url=jdbc:h2:mem:user user=USER
2026-01-30T21:26:26.765+05:30  INFO 4398 --- [TaskManagement] [           main] com.zaxxer.hikari.HikariDataSource       : HikariPool-1 - Start completed.
2026-01-30T21:26:26.774+05:30  WARN 4398 --- [TaskManagement] [           main] org.hibernate.orm.deprecation            : HHH90000025: H2Dialect does not need to be specified explicitly using 'hibernate.dialect' (remove the property setting and it will be selected by default)
2026-01-30T21:26:26.779+05:30  INFO 4398 --- [TaskManagement] [           main] org.hibernate.orm.connections.pooling    : HHH10001005: Database info:
	Database JDBC URL [Connecting through datasource 'HikariDataSource (HikariPool-1)']
	Database driver: undefined/unknown
	Database version: 2.3.232
	Autocommit mode: undefined/unknown
	Isolation level: undefined/unknown
	Minimum pool size: undefined/unknown
	Maximum pool size: undefined/unknown
2026-01-30T21:26:27.128+05:30  INFO 4398 --- [TaskManagement] [           main] o.h.e.t.j.p.i.JtaPlatformInitiator       : HHH000489: No JTA platform available (set 'hibernate.transaction.jta.platform' to enable JTA platform integration)
2026-01-30T21:26:27.154+05:30  INFO 4398 --- [TaskManagement] [           main] j.LocalContainerEntityManagerFactoryBean : Initialized JPA EntityManagerFactory for persistence unit 'default'
2026-01-30T21:26:27.222+05:30  INFO 4398 --- [TaskManagement] [           main] o.s.d.j.r.query.QueryEnhancerFactory     : Hibernate is in classpath; If applicable, HQL parser will be used.
2026-01-30T21:26:27.589+05:30  WARN 4398 --- [TaskManagement] [           main] JpaBaseConfiguration$JpaWebConfiguration : spring.jpa.open-in-view is enabled by default. Therefore, database queries may be performed during view rendering. Explicitly configure spring.jpa.open-in-view to disable this warning
2026-01-30T21:26:27.601+05:30  INFO 4398 --- [TaskManagement] [           main] r$InitializeUserDetailsManagerConfigurer : Global AuthenticationManager configured with UserDetailsService bean with name userDetailsServiceImpl
2026-01-30T21:26:27.730+05:30  INFO 4398 --- [TaskManagement] [           main] o.s.b.a.h2.H2ConsoleAutoConfiguration    : H2 console available at '/h2-console'. Database available at 'jdbc:h2:mem:user'
2026-01-30T21:26:27.783+05:30  INFO 4398 --- [TaskManagement] [           main] o.s.b.w.embedded.tomcat.TomcatWebServer  : Tomcat started on port 8000 (http) with context path '/'
2026-01-30T21:26:27.786+05:30  INFO 4398 --- [TaskManagement] [           main] c.a.t.TaskManagementApplication          : Started TaskManagementApplication in 1.819 seconds (process running for 1.915)
2026-01-30T21:26:57.957+05:30  INFO 4398 --- [TaskManagement] [nio-8000-exec-1] o.a.c.c.C.[Tomcat].[localhost].[/]       : Initializing Spring DispatcherServlet 'dispatcherServlet'
2026-01-30T21:26:57.957+05:30  INFO 4398 --- [TaskManagement] [nio-8000-exec-1] o.s.web.servlet.DispatcherServlet        : Initializing Servlet 'dispatcherServlet'
2026-01-30T21:26:57.958+05:30  INFO 4398 --- [TaskManagement] [nio-8000-exec-1] o.s.web.servlet.DispatcherServlet        : Completed initialization in 1 ms
2026-01-30T21:27:05.971+05:30  INFO 4398 --- [TaskManagement] [ionShutdownHook] o.s.b.w.e.tomcat.GracefulShutdown        : Commencing graceful shutdown. Waiting for active requests to complete
2026-01-30T21:27:05.977+05:30  INFO 4398 --- [TaskManagement] [tomcat-shutdown] o.s.b.w.e.tomcat.GracefulShutdown        : Graceful shutdown complete
2026-01-30T21:27:05.980+05:30  INFO 4398 --- [TaskManagement] [ionShutdownHook] j.LocalContainerEntityManagerFactoryBean : Closing JPA EntityManagerFactory for persistence unit 'default'
2026-01-30T21:27:05.984+05:30  INFO 4398 --- [TaskManagement] [ionShutdownHook] com.zaxxer.hikari.HikariDataSource       : HikariPool-1 - Shutdown initiated...
2026-01-30T21:27:05.985+05:30  INFO 4398 --- [TaskManagement] [ionShutdownHook] com.zaxxer.hikari.HikariDataSource       : HikariPool-1 - Shutdown completed.
[INFO] ------------------------------------------------------------------------
[INFO] BUILD SUCCESS
[INFO] ------------------------------------------------------------------------
[INFO] Total time:  41.427 s
[INFO] Finished at: 2026-01-30T21:27:05+05:30
[INFO] ------------------------------------------------------------------------
